<?xml version="1.0" encoding="UTF-8"?>
<!-- Generated by org.testng.reporters.JUnitReportReporter -->
<testsuite hostname="DESKTOP-DED1LDD" failures="0" tests="15" name="com.a2j.tests.FileClaimTest" time="70.597" errors="0" timestamp="2020-06-20T15:10:25 IST" skipped="0">
  <testcase classname="com.a2j.tests.FileClaimTest" name="submitbtn" time="0.114"/>
  <system-out/>
  <testcase classname="com.a2j.tests.FileClaimTest" name="verifyloginpasswordTextBox1" time="3.612"/>
  <system-out/>
  <testcase classname="com.a2j.tests.FileClaimTest" name="procedbtn" time="0.129"/>
  <system-out/>
  <testcase classname="com.a2j.tests.FileClaimTest" name="submitclaimdatabtn" time="0.160"/>
  <system-out/>
  <testcase classname="com.a2j.tests.FileClaimTest" name="loginbutton" time="22.115"/>
  <system-out/>
  <testcase classname="com.a2j.tests.FileClaimTest" name="cin" time="0.523"/>
  <system-out/>
  <testcase classname="com.a2j.tests.FileClaimTest" name="filecliam" time="2.285"/>
  <system-out/>
  <testcase classname="com.a2j.tests.FileClaimTest" name="readcliam" time="21.253"/>
  <system-out/>
  <testcase classname="com.a2j.tests.FileClaimTest" name="loginTest" time="0.815"/>
  <system-out/>
  <testcase classname="com.a2j.tests.FileClaimTest" name="claimbtn" time="2.515"/>
  <system-out/>
  <testcase classname="com.a2j.tests.FileClaimTest" name="savedetailsbtn" time="0.124"/>
  <system-out/>
  <testcase classname="com.a2j.tests.FileClaimTest" name="confirmsubmitsbtn" time="1.455"/>
  <system-out/>
  <testcase classname="com.a2j.tests.FileClaimTest" name="claimdata" time="2.208"/>
  <system-out/>
  <testcase classname="com.a2j.tests.FileClaimTest" name="verifyloginuserTextBox" time="5.097"/>
  <system-out/>
  <testcase classname="com.a2j.tests.FileClaimTest" name="formC" time="8.192"/>
  <system-out/>
</testsuite> <!-- com.a2j.tests.FileClaimTest -->
