<?xml version="1.0" encoding="UTF-8"?>
<!-- Generated by org.testng.reporters.JUnitReportReporter -->
<testsuite hostname="DESKTOP-DED1LDD" failures="0" tests="14" name="com.a2j.tests.RequestIrp" time="42.828" errors="0" timestamp="2020-05-16T17:56:56 IST" skipped="0">
  <testcase classname="com.a2j.tests.RequestIrp" name="teardown" time="5.096"/>
  <system-out/>
  <testcase classname="com.a2j.tests.RequestIrp" name="cin" time="2.425"/>
  <system-out/>
  <testcase classname="com.a2j.tests.RequestIrp" name="campnytoken" time="0.162"/>
  <system-out/>
  <testcase classname="com.a2j.tests.RequestIrp" name="irp" time="2.161"/>
  <system-out/>
  <testcase classname="com.a2j.tests.RequestIrp" name="requestirp" time="0.130"/>
  <system-out/>
  <testcase classname="com.a2j.tests.RequestIrp" name="loginbutton" time="19.777"/>
  <system-out/>
  <testcase classname="com.a2j.tests.RequestIrp" name="search" time="1.168"/>
  <system-out/>
  <testcase classname="com.a2j.tests.RequestIrp" name="verifyloginpasswordTextBox1" time="3.419"/>
  <system-out/>
  <testcase classname="com.a2j.tests.RequestIrp" name="reqbtn2" time="2.113"/>
  <system-out/>
  <testcase classname="com.a2j.tests.RequestIrp" name="state" time="0.150"/>
  <system-out/>
  <testcase classname="com.a2j.tests.RequestIrp" name="corporatedebator" time="0.284"/>
  <system-out/>
  <testcase classname="com.a2j.tests.RequestIrp" name="loginTest" time="0.699"/>
  <system-out/>
  <testcase classname="com.a2j.tests.RequestIrp" name="verifyloginuserTextBox" time="5.065"/>
  <system-out/>
  <testcase classname="com.a2j.tests.RequestIrp" name="namerp" time="0.179"/>
  <system-out/>
</testsuite> <!-- com.a2j.tests.RequestIrp -->
