<?xml version="1.0" encoding="UTF-8"?>
<!-- Generated by org.testng.reporters.JUnitReportReporter -->
<testsuite hostname="DESKTOP-DED1LDD" failures="0" tests="7" name="com.a2j.tests.Dashboard_ProfileTest" time="31.892" errors="0" timestamp="2020-06-10T13:28:10 IST" skipped="0">
  <testcase classname="com.a2j.tests.Dashboard_ProfileTest" name="teardown" time="0.889"/>
  <system-out/>
  <testcase classname="com.a2j.tests.Dashboard_ProfileTest" name="loginTest" time="0.765"/>
  <system-out/>
  <testcase classname="com.a2j.tests.Dashboard_ProfileTest" name="edit_btn" time="2.147"/>
  <system-out/>
  <testcase classname="com.a2j.tests.Dashboard_ProfileTest" name="loginbutton" time="16.879"/>
  <system-out/>
  <testcase classname="com.a2j.tests.Dashboard_ProfileTest" name="verifyloginpasswordTextBox1" time="4.038"/>
  <system-out/>
  <testcase classname="com.a2j.tests.Dashboard_ProfileTest" name="myprofile" time="2.142"/>
  <system-out/>
  <testcase classname="com.a2j.tests.Dashboard_ProfileTest" name="verifyloginuserTextBox" time="5.032"/>
  <system-out/>
</testsuite> <!-- com.a2j.tests.Dashboard_ProfileTest -->
