<?xml version="1.0" encoding="UTF-8"?>
<!-- Generated by org.testng.reporters.JUnitReportReporter -->
<testsuite hostname="DESKTOP-DED1LDD" failures="0" tests="74" name="com.a2j.tests.LoginTest" time="263.897" errors="0" timestamp="2020-07-07T10:57:42 IST" skipped="0">
  <testcase classname="com.a2j.tests.LoginTest" name="loginTest" time="3.461"/>
  <system-out/>
  <testcase classname="com.a2j.tests.LoginTest" name="loginTest" time="3.813"/>
  <system-out/>
  <testcase classname="com.a2j.tests.LoginTest" name="loginTest" time="2.889"/>
  <system-out/>
  <testcase classname="com.a2j.tests.LoginTest" name="loginTest" time="3.549"/>
  <system-out/>
  <testcase classname="com.a2j.tests.LoginTest" name="loginTest" time="2.982"/>
  <system-out/>
  <testcase classname="com.a2j.tests.LoginTest" name="loginTest" time="3.507"/>
  <system-out/>
  <testcase classname="com.a2j.tests.LoginTest" name="loginTest" time="3.364"/>
  <system-out/>
  <testcase classname="com.a2j.tests.LoginTest" name="loginTest" time="3.841"/>
  <system-out/>
  <testcase classname="com.a2j.tests.LoginTest" name="loginTest" time="3.814"/>
  <system-out/>
  <testcase classname="com.a2j.tests.LoginTest" name="loginTest" time="3.654"/>
  <system-out/>
  <testcase classname="com.a2j.tests.LoginTest" name="loginTest" time="3.693"/>
  <system-out/>
  <testcase classname="com.a2j.tests.LoginTest" name="loginTest" time="4.084"/>
  <system-out/>
  <testcase classname="com.a2j.tests.LoginTest" name="loginTest" time="3.509"/>
  <system-out/>
  <testcase classname="com.a2j.tests.LoginTest" name="loginTest" time="3.635"/>
  <system-out/>
  <testcase classname="com.a2j.tests.LoginTest" name="loginTest" time="3.308"/>
  <system-out/>
  <testcase classname="com.a2j.tests.LoginTest" name="verifyloginuserTextBox" time="0.083"/>
  <system-out/>
  <testcase classname="com.a2j.tests.LoginTest" name="loginTest" time="2.974"/>
  <system-out/>
  <testcase classname="com.a2j.tests.LoginTest" name="loginTest" time="3.766"/>
  <system-out/>
  <testcase classname="com.a2j.tests.LoginTest" name="loginTest" time="3.351"/>
  <system-out/>
  <testcase classname="com.a2j.tests.LoginTest" name="loginTest" time="3.601"/>
  <system-out/>
  <testcase classname="com.a2j.tests.LoginTest" name="loginTest" time="3.968"/>
  <system-out/>
  <testcase classname="com.a2j.tests.LoginTest" name="loginTest" time="3.920"/>
  <system-out/>
  <testcase classname="com.a2j.tests.LoginTest" name="loginTest" time="3.738"/>
  <system-out/>
  <testcase classname="com.a2j.tests.LoginTest" name="loginTest" time="3.015"/>
  <system-out/>
  <testcase classname="com.a2j.tests.LoginTest" name="loginTest" time="3.234"/>
  <system-out/>
  <testcase classname="com.a2j.tests.LoginTest" name="loginbutton" time="6.858"/>
  <system-out/>
  <testcase classname="com.a2j.tests.LoginTest" name="loginTest" time="3.288"/>
  <system-out/>
  <testcase classname="com.a2j.tests.LoginTest" name="loginTest" time="3.280"/>
  <system-out/>
  <testcase classname="com.a2j.tests.LoginTest" name="loginTest" time="3.301"/>
  <system-out/>
  <testcase classname="com.a2j.tests.LoginTest" name="loginTest" time="4.069"/>
  <system-out/>
  <testcase classname="com.a2j.tests.LoginTest" name="loginTest" time="3.648"/>
  <system-out/>
  <testcase classname="com.a2j.tests.LoginTest" name="loginTest" time="3.793"/>
  <system-out/>
  <testcase classname="com.a2j.tests.LoginTest" name="loginTest" time="3.684"/>
  <system-out/>
  <testcase classname="com.a2j.tests.LoginTest" name="loginTest" time="3.669"/>
  <system-out/>
  <testcase classname="com.a2j.tests.LoginTest" name="loginTest" time="3.631"/>
  <system-out/>
  <testcase classname="com.a2j.tests.LoginTest" name="loginTest" time="3.135"/>
  <system-out/>
  <testcase classname="com.a2j.tests.LoginTest" name="loginTest" time="3.757"/>
  <system-out/>
  <testcase classname="com.a2j.tests.LoginTest" name="loginTest" time="3.739"/>
  <system-out/>
  <testcase classname="com.a2j.tests.LoginTest" name="loginTest" time="3.625"/>
  <system-out/>
  <testcase classname="com.a2j.tests.LoginTest" name="loginTest" time="3.697"/>
  <system-out/>
  <testcase classname="com.a2j.tests.LoginTest" name="loginTest" time="3.105"/>
  <system-out/>
  <testcase classname="com.a2j.tests.LoginTest" name="loginTest" time="3.484"/>
  <system-out/>
  <testcase classname="com.a2j.tests.LoginTest" name="loginTest" time="3.805"/>
  <system-out/>
  <testcase classname="com.a2j.tests.LoginTest" name="loginTest" time="3.783"/>
  <system-out/>
  <testcase classname="com.a2j.tests.LoginTest" name="loginTest" time="3.739"/>
  <system-out/>
  <testcase classname="com.a2j.tests.LoginTest" name="loginTest" time="3.903"/>
  <system-out/>
  <testcase classname="com.a2j.tests.LoginTest" name="loginTest" time="3.599"/>
  <system-out/>
  <testcase classname="com.a2j.tests.LoginTest" name="loginTest" time="3.156"/>
  <system-out/>
  <testcase classname="com.a2j.tests.LoginTest" name="loginTest" time="3.238"/>
  <system-out/>
  <testcase classname="com.a2j.tests.LoginTest" name="loginTest" time="3.665"/>
  <system-out/>
  <testcase classname="com.a2j.tests.LoginTest" name="loginTest" time="3.554"/>
  <system-out/>
  <testcase classname="com.a2j.tests.LoginTest" name="loginTest" time="4.454"/>
  <system-out/>
  <testcase classname="com.a2j.tests.LoginTest" name="loginTest" time="3.736"/>
  <system-out/>
  <testcase classname="com.a2j.tests.LoginTest" name="loginTest" time="3.018"/>
  <system-out/>
  <testcase classname="com.a2j.tests.LoginTest" name="loginTest" time="4.022"/>
  <system-out/>
  <testcase classname="com.a2j.tests.LoginTest" name="loginTest" time="3.522"/>
  <system-out/>
  <testcase classname="com.a2j.tests.LoginTest" name="loginTest" time="4.640"/>
  <system-out/>
  <testcase classname="com.a2j.tests.LoginTest" name="loginTest" time="3.353"/>
  <system-out/>
  <testcase classname="com.a2j.tests.LoginTest" name="loginTest" time="3.866"/>
  <system-out/>
  <testcase classname="com.a2j.tests.LoginTest" name="loginTest" time="3.750"/>
  <system-out/>
  <testcase classname="com.a2j.tests.LoginTest" name="loginTest" time="3.811"/>
  <system-out/>
  <testcase classname="com.a2j.tests.LoginTest" name="loginTest" time="3.231"/>
  <system-out/>
  <testcase classname="com.a2j.tests.LoginTest" name="loginTest" time="3.796"/>
  <system-out/>
  <testcase classname="com.a2j.tests.LoginTest" name="loginTest" time="3.881"/>
  <system-out/>
  <testcase classname="com.a2j.tests.LoginTest" name="loginTest" time="3.835"/>
  <system-out/>
  <testcase classname="com.a2j.tests.LoginTest" name="loginTest" time="3.571"/>
  <system-out/>
  <testcase classname="com.a2j.tests.LoginTest" name="loginTest" time="3.297"/>
  <system-out/>
  <testcase classname="com.a2j.tests.LoginTest" name="verifyloginpasswordTextBox1" time="1.336"/>
  <system-out/>
  <testcase classname="com.a2j.tests.LoginTest" name="loginTest" time="3.841"/>
  <system-out/>
  <testcase classname="com.a2j.tests.LoginTest" name="loginTest" time="3.795"/>
  <system-out/>
  <testcase classname="com.a2j.tests.LoginTest" name="loginTest" time="3.598"/>
  <system-out/>
  <testcase classname="com.a2j.tests.LoginTest" name="loginTest" time="3.997"/>
  <system-out/>
  <testcase classname="com.a2j.tests.LoginTest" name="loginTest" time="2.781"/>
  <system-out/>
  <testcase classname="com.a2j.tests.LoginTest" name="loginTest" time="3.808"/>
  <system-out/>
</testsuite> <!-- com.a2j.tests.LoginTest -->
