<?xml version="1.0" encoding="UTF-8"?>
<!-- Generated by org.testng.reporters.JUnitReportReporter -->
<testsuite hostname="DESKTOP-DED1LDD" failures="0" tests="4" name="com.a2j.tests.Login_Test" time="19.263" errors="0" timestamp="2020-05-14T20:49:54 IST" skipped="0">
  <testcase classname="com.a2j.tests.Login_Test" name="verifyloginuserTextBox" time="5.092"/>
  <system-out/>
  <testcase classname="com.a2j.tests.Login_Test" name="verifyloginpasswordTextBox1" time="3.197"/>
  <system-out/>
  <testcase classname="com.a2j.tests.Login_Test" name="loginbutton" time="10.249"/>
  <system-out/>
  <testcase classname="com.a2j.tests.Login_Test" name="loginTest" time="0.725"/>
  <system-out/>
</testsuite> <!-- com.a2j.tests.Login_Test -->
