<?xml version="1.0" encoding="UTF-8"?>
<!-- Generated by org.testng.reporters.JUnitReportReporter -->
<testsuite hostname="DESKTOP-DED1LDD" failures="0" tests="14" name="com.a2j.tests.RpFastTrackMyCasesTest" time="40.270" errors="0" timestamp="2020-05-25T12:44:38 IST" skipped="0">
  <testcase classname="com.a2j.tests.RpFastTrackMyCasesTest" name="verifyloginuserTextBox" time="5.053"/>
  <system-out/>
  <testcase classname="com.a2j.tests.RpFastTrackMyCasesTest" name="caseprofile" time="0.398"/>
  <system-out/>
  <testcase classname="com.a2j.tests.RpFastTrackMyCasesTest" name="nextbtn" time="0.204"/>
  <system-out/>
  <testcase classname="com.a2j.tests.RpFastTrackMyCasesTest" name="launchvdr" time="0.177"/>
  <system-out/>
  <testcase classname="com.a2j.tests.RpFastTrackMyCasesTest" name="loginbutton" time="11.064"/>
  <system-out/>
  <testcase classname="com.a2j.tests.RpFastTrackMyCasesTest" name="vdrnextbtn" time="3.069"/>
  <system-out/>
  <testcase classname="com.a2j.tests.RpFastTrackMyCasesTest" name="save" time="2.904"/>
  <system-out/>
  <testcase classname="com.a2j.tests.RpFastTrackMyCasesTest" name="caseid" time="7.239"/>
  <system-out/>
  <testcase classname="com.a2j.tests.RpFastTrackMyCasesTest" name="checkbox" time="2.926"/>
  <system-out/>
  <testcase classname="com.a2j.tests.RpFastTrackMyCasesTest" name="verifyloginpasswordTextBox1" time="3.167"/>
  <system-out/>
  <testcase classname="com.a2j.tests.RpFastTrackMyCasesTest" name="setup" time="0.326"/>
  <system-out/>
  <testcase classname="com.a2j.tests.RpFastTrackMyCasesTest" name="loginTest" time="1.372"/>
  <system-out/>
  <testcase classname="com.a2j.tests.RpFastTrackMyCasesTest" name="saveprofile" time="0.131"/>
  <system-out/>
  <testcase classname="com.a2j.tests.RpFastTrackMyCasesTest" name="mycases" time="2.240"/>
  <system-out/>
</testsuite> <!-- com.a2j.tests.RpFastTrackMyCasesTest -->
