<?xml version="1.0" encoding="UTF-8"?>
<!-- Generated by org.testng.reporters.JUnitReportReporter -->
<testsuite hostname="DESKTOP-DED1LDD" failures="0" tests="3" name="com.a2j.tests.LoginPageTest" time="7.682" errors="0" timestamp="2020-05-09T15:49:30 IST" skipped="0">
  <testcase classname="com.a2j.tests.LoginPageTest" name="loginTest" time="1.350"/>
  <system-out/>
  <testcase classname="com.a2j.tests.LoginPageTest" name="verifyloginpasswordTextBox1" time="4.285"/>
  <system-out/>
  <testcase classname="com.a2j.tests.LoginPageTest" name="verifyloginuserTextBox" time="2.047"/>
  <system-out/>
</testsuite> <!-- com.a2j.tests.LoginPageTest -->
