<?xml version="1.0" encoding="UTF-8"?>
<!-- Generated by org.testng.reporters.JUnitReportReporter -->
<testsuite hostname="DESKTOP-DED1LDD" failures="0" tests="7" name="com.a2j.tests.RegisterTest" time="11.320" errors="0" timestamp="2020-06-10T13:28:09 IST" skipped="0">
  <testcase classname="com.a2j.tests.RegisterTest" name="role" time="2.539"/>
  <system-out/>
  <testcase classname="com.a2j.tests.RegisterTest" name="password" time="0.308"/>
  <system-out/>
  <testcase classname="com.a2j.tests.RegisterTest" name="confirmpass" time="0.193"/>
  <system-out/>
  <testcase classname="com.a2j.tests.RegisterTest" name="pannumber" time="0.893"/>
  <system-out/>
  <testcase classname="com.a2j.tests.RegisterTest" name="regbtn" time="7.022"/>
  <system-out/>
  <testcase classname="com.a2j.tests.RegisterTest" name="panemail" time="0.241"/>
  <system-out/>
  <testcase classname="com.a2j.tests.RegisterTest" name="register" time="0.124"/>
  <system-out/>
</testsuite> <!-- com.a2j.tests.RegisterTest -->
